<?xml version="1.0" encoding="UTF-8"?>
<!-- Generated by org.testng.reporters.JUnitReportReporter -->
<testsuite hostname="FOCUS-QA-10" name="com.focus.testcases.ItemsTest" tests="16" failures="0" timestamp="30 Dec 2022 15:39:00 GMT" time="220.925" errors="0">
  <testcase name="checkItemsSavedinGroupsandSubGroupsinItemMaster" time="38.838" classname="com.focus.testcases.ItemsTest"/>
  <testcase name="checkItemListBeforeImportingDataFromExcel" time="38.513" classname="com.focus.testcases.ItemsTest"/>
  <testcase name="checkItemMasterInMasterMenu" time="13.535" classname="com.focus.testcases.ItemsTest"/>
  <testcase name="checkDeleteItemInItemMaster" time="8.771" classname="com.focus.testcases.ItemsTest"/>
  <testcase name="checkSavingItemSubGroupinItemMaster" time="14.466" classname="com.focus.testcases.ItemsTest"/>
  <testcase name="checkAdvanceMasterImportExportItem" time="4.428" classname="com.focus.testcases.ItemsTest"/>
  <testcase name="checkSavingItemGroupinItemMaster" time="17.523" classname="com.focus.testcases.ItemsTest"/>
  <testcase name="checkEditingInSavedItemINItemMaster" time="4.572" classname="com.focus.testcases.ItemsTest"/>
  <testcase name="checkUpdatedItemMasterDisplayInItemGridBeforeCustomization" time="0.626" classname="com.focus.testcases.ItemsTest"/>
  <testcase name="checkItemListAfterImportingDataFromExcel" time="2.422" classname="com.focus.testcases.ItemsTest"/>
  <testcase name="checkSavingItemInItemMaster" time="5.160" classname="com.focus.testcases.ItemsTest"/>
  <testcase name="checkCreatedGroupDisplayedonLeftPanel" time="0.076" classname="com.focus.testcases.ItemsTest"/>
  <testcase name="checkImportDatainAdvanceMasterImportExportAccount" time="16.029" classname="com.focus.testcases.ItemsTest"/>
  <testcase name="checkDeleteGroupIteminItemMaster" time="21.876" classname="com.focus.testcases.ItemsTest"/>
  <testcase name="checkImportedItemDelete" time="8.959" classname="com.focus.testcases.ItemsTest"/>
  <testcase name="checkSavingItemsinSubGroupsinItemMaster" time="25.131" classname="com.focus.testcases.ItemsTest"/>
</testsuite> <!-- com.focus.testcases.ItemsTest -->
