<?xml version="1.0" encoding="UTF-8"?>
<!-- Generated by org.testng.reporters.JUnitReportReporter -->
<testsuite hostname="FOCUS-QA-10" name="com.focus.testcases.LoginPageTest" tests="4" failures="0" timestamp="4 Jan 2023 08:04:22 GMT" time="9.935" errors="0">
  <testcase name="checkSignInBtnWithValidUserNameAndValidPassword" time="8.738" classname="com.focus.testcases.LoginPageTest"/>
  <testcase name="checkUserNameInfoInHomePage" time="0.327" classname="com.focus.testcases.LoginPageTest"/>
  <testcase name="checkLoginPageAvailablityOfFields" time="0.798" classname="com.focus.testcases.LoginPageTest"/>
  <testcase name="checkCompanyTextDisplayInCompanyListDropdown" time="0.072" classname="com.focus.testcases.LoginPageTest"/>
</testsuite> <!-- com.focus.testcases.LoginPageTest -->
