<?xml version="1.0" encoding="UTF-8"?>
<!-- Generated by org.testng.reporters.JUnitReportReporter -->
<testsuite hostname="FOCUS-QA-10" name="com.focus.testcases.DepartmentTest" tests="16" failures="0" timestamp="30 Dec 2022 15:39:00 GMT" time="194.269" errors="0">
  <testcase name="checkImportedDepartmentDelete" time="31.905" classname="com.focus.testcases.DepartmentTest"/>
  <testcase name="checkEditingInSavedDepartmentINDepartmentMaster" time="4.476" classname="com.focus.testcases.DepartmentTest"/>
  <testcase name="checkDeleteInDepartmentMaster" time="2.974" classname="com.focus.testcases.DepartmentTest"/>
  <testcase name="checkDepartmentMasterInMAsterMenu" time="5.905" classname="com.focus.testcases.DepartmentTest"/>
  <testcase name="checkDepartmentsSavedinGroupsandSubGroupsinDepartmentMaster" time="31.459" classname="com.focus.testcases.DepartmentTest"/>
  <testcase name="checkAdvanceMasterImportExportDepartment" time="4.369" classname="com.focus.testcases.DepartmentTest"/>
  <testcase name="checkDepartmentsListAfterImportingDataFromExcel" time="9.549" classname="com.focus.testcases.DepartmentTest"/>
  <testcase name="checkUpdatedDepartmentMasterDisplayInDepartment" time="2.137" classname="com.focus.testcases.DepartmentTest"/>
  <testcase name="checkImportDatainAdvanceMasterImportExportDepartment" time="15.930" classname="com.focus.testcases.DepartmentTest"/>
  <testcase name="checkDepartmentsListBeforeImportingDataFromExcel" time="9.518" classname="com.focus.testcases.DepartmentTest"/>
  <testcase name="checkDeleteGroupDepartmentinDepartmentMaster" time="15.902" classname="com.focus.testcases.DepartmentTest"/>
  <testcase name="checkCreatedGroupDisplayedonLeftPanel" time="1.573" classname="com.focus.testcases.DepartmentTest"/>
  <testcase name="checkSavingDepartmentGroupinDepartmentMaster" time="10.884" classname="com.focus.testcases.DepartmentTest"/>
  <testcase name="checkSavingDepartmentInDepartmentMaster" time="4.734" classname="com.focus.testcases.DepartmentTest"/>
  <testcase name="checkSavingDepartmentSubGroupinDepartmentMaster" time="12.341" classname="com.focus.testcases.DepartmentTest"/>
  <testcase name="checkSavingDepartmentsinSubGroupsinDepartmentMaster" time="30.613" classname="com.focus.testcases.DepartmentTest"/>
</testsuite> <!-- com.focus.testcases.DepartmentTest -->
