<?xml version="1.0" encoding="UTF-8"?>
<!-- Generated by org.testng.reporters.JUnitReportReporter -->
<testsuite hostname="FOCUS-QA-10" name="com.focus.testcases.ExchangeRateAndExchangeRateHistoryTest" tests="15" failures="0" timestamp="30 Dec 2022 15:39:00 GMT" time="132.428" errors="0">
  <testcase name="checkDateOptionasLastYearinExchangeRateHistory" time="7.332" classname="com.focus.testcases.ExchangeRateAndExchangeRateHistoryTest"/>
  <testcase name="checkDateOptionasLastMonthinExchangeRateHistory" time="7.319" classname="com.focus.testcases.ExchangeRateAndExchangeRateHistoryTest"/>
  <testcase name="checkExchangeRateHistoryLoadButtonWithBaseCurrency" time="4.785" classname="com.focus.testcases.ExchangeRateAndExchangeRateHistoryTest"/>
  <testcase name="checkDateRangeOptionAsOnDateinExchangeRateHistory" time="19.232" classname="com.focus.testcases.ExchangeRateAndExchangeRateHistoryTest"/>
  <testcase name="checkDateOptionasTodayinExchangeRateHistory" time="7.503" classname="com.focus.testcases.ExchangeRateAndExchangeRateHistoryTest"/>
  <testcase name="checkDateOptionasCurrentWeekinExchangeRateHistory" time="6.837" classname="com.focus.testcases.ExchangeRateAndExchangeRateHistoryTest"/>
  <testcase name="checkDeleteOptionInExchangeRate" time="1.304" classname="com.focus.testcases.ExchangeRateAndExchangeRateHistoryTest"/>
  <testcase name="checkDateOptionasLastWeekinExchangeRateHistory" time="7.524" classname="com.focus.testcases.ExchangeRateAndExchangeRateHistoryTest"/>
  <testcase name="checkSavingCurrencyExchnageRate" time="4.250" classname="com.focus.testcases.ExchangeRateAndExchangeRateHistoryTest"/>
  <testcase name="checkExchangeRateHistoryAfterUpdating" time="13.268" classname="com.focus.testcases.ExchangeRateAndExchangeRateHistoryTest"/>
  <testcase name="checkOpenExchangeRateHistory" time="12.306" classname="com.focus.testcases.ExchangeRateAndExchangeRateHistoryTest"/>
  <testcase name="checkUpdateExchangeRate" time="13.476" classname="com.focus.testcases.ExchangeRateAndExchangeRateHistoryTest"/>
  <testcase name="checkOpenExchangeRate" time="12.528" classname="com.focus.testcases.ExchangeRateAndExchangeRateHistoryTest"/>
  <testcase name="checkDateOptionasCurrentMonthinExchangeRateHistory" time="7.367" classname="com.focus.testcases.ExchangeRateAndExchangeRateHistoryTest"/>
  <testcase name="checkDateOptionasCurrentYearinExchangeRateHistory" time="7.397" classname="com.focus.testcases.ExchangeRateAndExchangeRateHistoryTest"/>
</testsuite> <!-- com.focus.testcases.ExchangeRateAndExchangeRateHistoryTest -->
