<?xml version="1.0" encoding="UTF-8"?>
<!-- Generated by org.testng.reporters.JUnitReportReporter -->
<testsuite hostname="FOCUS-QA-10" name="com.focus.testcases.OpeningBalancesTest" tests="11" failures="0" timestamp="4 Jan 2023 06:48:21 GMT" time="127.799" errors="0">
  <testcase name="checkOpeningBalanceCustomizationAddingDepartmentColumn" time="13.628" classname="com.focus.testcases.OpeningBalancesTest"/>
  <testcase name="checkVerifyAndDeleteOpeningBalanceVoucher1" time="1.508" classname="com.focus.testcases.OpeningBalancesTest"/>
  <testcase name="checkResavingOpeningBalanceVoucher2AndSuspendingFromHomepage" time="13.787" classname="com.focus.testcases.OpeningBalancesTest"/>
  <testcase name="checkOpeningBalanceCustomizationRemovingLinkStatusColumn" time="21.712" classname="com.focus.testcases.OpeningBalancesTest"/>
  <testcase name="checkSavingOpeningBalanceVoucher1WithCurrencyAsAED" time="9.009" classname="com.focus.testcases.OpeningBalancesTest"/>
  <testcase name="checkVerifingDetailsOfSavedOpeningBalancesVouchersInHomepage" time="2.932" classname="com.focus.testcases.OpeningBalancesTest"/>
  <testcase name="checkSavingOpeningBalanceVoucher1WithCurrencyAsINR" time="19.801" classname="com.focus.testcases.OpeningBalancesTest"/>
  <testcase name="checkVerifyAndEditOpeningBalanceVoucher1" time="14.430" classname="com.focus.testcases.OpeningBalancesTest"/>
  <testcase name="checkOpeningBalanceCustomizationHideBalanceLinkValueColumn" time="14.754" classname="com.focus.testcases.OpeningBalancesTest"/>
  <testcase name="checkDeleteOptionInOpeningBalanceHomePage" time="5.861" classname="com.focus.testcases.OpeningBalancesTest"/>
  <testcase name="checkSavingOpeningBalanceVoucher2AndSuspendingFromEntryPage" time="10.377" classname="com.focus.testcases.OpeningBalancesTest"/>
</testsuite> <!-- com.focus.testcases.OpeningBalancesTest -->
