<?xml version="1.0" encoding="UTF-8"?>
<!-- Generated by org.testng.reporters.JUnitReportReporter -->
<testsuite hostname="FOCUS-QA-10" name="com.focus.testcases.OpeningStocksTest" tests="27" failures="0" timestamp="4 Jan 2023 06:48:21 GMT" time="307.732" errors="0">
  <testcase name="checkEditingAndVerifingDataOfSavedOpeningStocksVoucher4AddingRow2WithRMAItem" time="16.675" classname="com.focus.testcases.OpeningStocksTest"/>
  <testcase name="checkEditingAndVerifingDataOfSavedOpeningStocksVoucher1AddingRow2WithBatchItem" time="8.057" classname="com.focus.testcases.OpeningStocksTest"/>
  <testcase name="checkEditingAndVerifingDataOfSavedOpeningStocksVoucher3AddingRow3WithBinItemByAutoAllocation" time="16.404" classname="com.focus.testcases.OpeningStocksTest"/>
  <testcase name="checkVerifingDataOfSavedOpeningStocksVoucher3AndDeleting" time="1.888" classname="com.focus.testcases.OpeningStocksTest"/>
  <testcase name="checkEditingAndVerifingDataOfSavedOpeningStocksVoucher2AddingRow2WithStockItem" time="5.217" classname="com.focus.testcases.OpeningStocksTest"/>
  <testcase name="checkEditingAndVerifingDataOfSavedOpeningStocksVoucher2" time="2.145" classname="com.focus.testcases.OpeningStocksTest"/>
  <testcase name="checkSavingAndSuspendingOpeningStockVoucher5WithStockItem" time="11.260" classname="com.focus.testcases.OpeningStocksTest"/>
  <testcase name="checkSaveInCreateViewOfHomePageOfOpeningBalance" time="8.051" classname="com.focus.testcases.OpeningStocksTest"/>
  <testcase name="checkSavingOpeningStockVoucher1WithBatchItem" time="32.552" classname="com.focus.testcases.OpeningStocksTest"/>
  <testcase name="checkSavingOpeningStockVoucher4WithRMAItem" time="13.144" classname="com.focus.testcases.OpeningStocksTest"/>
  <testcase name="checkEditingAndVerifingDataOfSavedOpeningStocksVoucher1" time="1.476" classname="com.focus.testcases.OpeningStocksTest"/>
  <testcase name="checkSavingOpeningStockVoucher2WithStockItem" time="4.032" classname="com.focus.testcases.OpeningStocksTest"/>
  <testcase name="checkVerifingDataOfSavedOpeningStocksVoucher5AndDeleting" time="3.349" classname="com.focus.testcases.OpeningStocksTest"/>
  <testcase name="checkSavingOpeningStockVoucher4WithBinItemByManuallyEnteringQuantity" time="13.531" classname="com.focus.testcases.OpeningStocksTest"/>
  <testcase name="checkEditingAndVerifingDataOfSavedOpeningStocksVoucher4" time="1.358" classname="com.focus.testcases.OpeningStocksTest"/>
  <testcase name="checkVerifingDetailsOfSuspendedOpeningStocksVouchersInCreatedView" time="2.773" classname="com.focus.testcases.OpeningStocksTest"/>
  <testcase name="checkVerifingDetailsOfSavedOpeningStocksVouchersInHomepage" time="1.953" classname="com.focus.testcases.OpeningStocksTest"/>
  <testcase name="checkVerifingDataOfSavedOpeningStocksVoucher4AndDeleting" time="2.451" classname="com.focus.testcases.OpeningStocksTest"/>
  <testcase name="checkSavingOpeningStockVoucher5WithRMAItem" time="13.273" classname="com.focus.testcases.OpeningStocksTest"/>
  <testcase name="checkVerifingDataOfSavedOpeningStocksVoucher3" time="1.752" classname="com.focus.testcases.OpeningStocksTest"/>
  <testcase name="checkSavingOpeningStockVoucher2WithBatchItem" time="5.422" classname="com.focus.testcases.OpeningStocksTest"/>
  <testcase name="checkResavingOpeningStockVoucher5AndSuspendingFromHomepage" time="94.008" classname="com.focus.testcases.OpeningStocksTest"/>
  <testcase name="checkSavingOpeningStockVoucher3WithStockItem" time="4.173" classname="com.focus.testcases.OpeningStocksTest"/>
  <testcase name="checkVerifingDataOfSavedOpeningStocksVoucher2AndDeleting" time="4.073" classname="com.focus.testcases.OpeningStocksTest"/>
  <testcase name="checkOpeningStockVoucher3Row1WithBinItemWithAutoAllocationOption" time="14.994" classname="com.focus.testcases.OpeningStocksTest"/>
  <testcase name="checkDeleteOptionInOpeningStocksHomePage" time="6.165" classname="com.focus.testcases.OpeningStocksTest"/>
  <testcase name="checkSavingOpeningStockVoucher3With2RowsAndBinItemDoubleClickInIndex" time="17.556" classname="com.focus.testcases.OpeningStocksTest"/>
</testsuite> <!-- com.focus.testcases.OpeningStocksTest -->
