<?xml version="1.0" encoding="UTF-8"?>
<!-- Generated by org.testng.reporters.JUnitReportReporter -->
<testsuite hostname="FOCUS-QA-10" name="com.focus.testcases.TransactionAuthorizationTest" tests="3" failures="0" timestamp="3 Jan 2023 14:38:02 GMT" time="73.975" errors="0">
  <testcase name="checkSavingTransactionAuthorizationInPurchaseReturns" time="33.056" classname="com.focus.testcases.TransactionAuthorizationTest"/>
  <testcase name="checkEditingTransactionAuthorizationInPurchaseReturns" time="27.696" classname="com.focus.testcases.TransactionAuthorizationTest"/>
  <testcase name="checkDeletingTransactionAuthorizationInPurchaseReturns" time="13.223" classname="com.focus.testcases.TransactionAuthorizationTest"/>
</testsuite> <!-- com.focus.testcases.TransactionAuthorizationTest -->
