<?xml version="1.0" encoding="UTF-8"?>
<!-- Generated by org.testng.reporters.JUnitReportReporter -->
<testsuite hostname="FOCUS-QA-10" name="com.focus.testcases.StandardRateTest" tests="3" failures="0" timestamp="3 Jan 2023 14:38:02 GMT" time="15.441" errors="0">
  <testcase name="checkSavingStandardRate" time="0.269" classname="com.focus.testcases.StandardRateTest"/>
  <testcase name="checkEditingStandardRate" time="0.441" classname="com.focus.testcases.StandardRateTest"/>
  <testcase name="checkStandardRateDeleteOption" time="14.731" classname="com.focus.testcases.StandardRateTest"/>
</testsuite> <!-- com.focus.testcases.StandardRateTest -->
