<?xml version="1.0" encoding="UTF-8"?>
<!-- Generated by org.testng.reporters.JUnitReportReporter -->
<testsuite hostname="FOCUS-QA-10" name="com.focus.testcases.CurrencyTest" tests="3" failures="0" timestamp="30 Dec 2022 15:39:00 GMT" time="22.066" errors="0">
  <testcase name="checkUpdatingISOCurrencyCodeSLLCoinName" time="4.978" classname="com.focus.testcases.CurrencyTest"/>
  <testcase name="checkUpdatingAgainISOCurrencyCodeSLLCoinName" time="2.891" classname="com.focus.testcases.CurrencyTest"/>
  <testcase name="checkOpenCurrencyMenu" time="14.197" classname="com.focus.testcases.CurrencyTest"/>
</testsuite> <!-- com.focus.testcases.CurrencyTest -->
