<?xml version="1.0" encoding="UTF-8"?>
<!-- Generated by org.testng.reporters.JUnitReportReporter -->
<testsuite hostname="FOCUS-QA-10" name="com.focus.testcases.PurchaseVouchersVATTest" tests="26" failures="0" timestamp="4 Jan 2023 06:48:21 GMT" time="612.059" errors="0">
  <testcase name="checkVerifyingAndDeletingPurchaseVoucherVATVoucher5" time="11.123" classname="com.focus.testcases.PurchaseVouchersVATTest"/>
  <testcase name="checkSearchingofVendorandItemsListusingAstricksigninPurchaseVoucherVAT" time="9.966" classname="com.focus.testcases.PurchaseVouchersVATTest"/>
  <testcase name="checkVerifyingPurchaseVoucherVATVoucher2SavingVoucher3" time="27.063" classname="com.focus.testcases.PurchaseVouchersVATTest"/>
  <testcase name="checkSavingPurchaseVoucherVATVoucher2WithBatchItem" time="24.927" classname="com.focus.testcases.PurchaseVouchersVATTest"/>
  <testcase name="checkVerifyingAndDeletingPurchaseVoucherVATVoucher4" time="9.654" classname="com.focus.testcases.PurchaseVouchersVATTest"/>
  <testcase name="checkEditingPurchaseVoucherVATVoucher2AddRow2AndUpdate" time="26.421" classname="com.focus.testcases.PurchaseVouchersVATTest"/>
  <testcase name="checkSavingPurchaseVoucherVATVoucher1WithPurchaseOrderLink" time="43.237" classname="com.focus.testcases.PurchaseVouchersVATTest"/>
  <testcase name="checkVerifyingAndDeletingPurchaseVoucherVATVoucher3" time="9.517" classname="com.focus.testcases.PurchaseVouchersVATTest"/>
  <testcase name="checkVerifyingPurchaseVoucherVATVoucher3SavingVoucher4" time="26.583" classname="com.focus.testcases.PurchaseVouchersVATTest"/>
  <testcase name="checkRulesInPurchaseVoucherVat" time="22.240" classname="com.focus.testcases.PurchaseVouchersVATTest"/>
  <testcase name="checkVerifingDetailsOfSavedPurchaseVoucherVATInHomepage" time="2.833" classname="com.focus.testcases.PurchaseVouchersVATTest"/>
  <testcase name="checkVerifyingPurchaseVoucherVATVoucher4SavingVoucher5" time="34.026" classname="com.focus.testcases.PurchaseVouchersVATTest"/>
  <testcase name="checkSearchingVendorandItemsListwithoutAstrickSigninPurchaseVoucherVAT" time="105.789" classname="com.focus.testcases.PurchaseVouchersVATTest"/>
  <testcase name="checkEditingPurchaseVoucherVATVoucher4AddRow3AndUpdate" time="22.500" classname="com.focus.testcases.PurchaseVouchersVATTest"/>
  <testcase name="checkResavingPurchaseVoucherVAT6AndSuspendingFromHomepage" time="21.065" classname="com.focus.testcases.PurchaseVouchersVATTest"/>
  <testcase name="checkSavingAndSuspendingPurchaseVoucherVATVoucher6WithStockItemInEntryPage" time="29.302" classname="com.focus.testcases.PurchaseVouchersVATTest"/>
  <testcase name="checkDeleteOptionInPurchaseVoucherVATHomePage" time="11.599" classname="com.focus.testcases.PurchaseVouchersVATTest"/>
  <testcase name="checkVerifingTriggersOptionInPurchaseVAT" time="5.630" classname="com.focus.testcases.PurchaseVouchersVATTest"/>
  <testcase name="checkVerifyingAndDeletingPurchaseVoucherVATVoucher6" time="10.510" classname="com.focus.testcases.PurchaseVouchersVATTest"/>
  <testcase name="checkSavingPurchaseVoucherVATVoucher4WithBinItem" time="16.210" classname="com.focus.testcases.PurchaseVouchersVATTest"/>
  <testcase name="checkSavingPurchaseVoucherVATVoucher3WithStockItem" time="18.882" classname="com.focus.testcases.PurchaseVouchersVATTest"/>
  <testcase name="checkVerifyingPurchaseVoucherVATVoucher5SavingVoucher6" time="34.106" classname="com.focus.testcases.PurchaseVouchersVATTest"/>
  <testcase name="checkEditingPurchaseVoucherVATVoucher3AddRow2AndUpdate" time="17.986" classname="com.focus.testcases.PurchaseVouchersVATTest"/>
  <testcase name="checkSavingPurchaseVoucherVATVoucher4With2RowsAndBinItem" time="22.607" classname="com.focus.testcases.PurchaseVouchersVATTest"/>
  <testcase name="checkSavingPurchaseVoucherVATVoucher5WithRMAItem" time="23.813" classname="com.focus.testcases.PurchaseVouchersVATTest"/>
  <testcase name="checkEditingPurchaseVoucherVATVoucher5AddRow2AndUpdate" time="24.470" classname="com.focus.testcases.PurchaseVouchersVATTest"/>
</testsuite> <!-- com.focus.testcases.PurchaseVouchersVATTest -->
