<?xml version="1.0" encoding="UTF-8"?>
<!-- Generated by org.testng.reporters.JUnitReportReporter -->
<testsuite hostname="FOCUS-QA-10" name="com.focus.testcases.ViewEditingTest" tests="3" failures="0" timestamp="27 Dec 2022 12:53:54 GMT" time="48.156" errors="0">
  <testcase name="checkLogoutandLoginwithUserAllOptionsSTforView" time="14.692" classname="com.focus.testcases.ViewEditingTest"/>
  <testcase name="checkSavedViewatVoucherLevelofUserAllOptionsSTUser" time="17.124" classname="com.focus.testcases.ViewEditingTest"/>
  <testcase name="checkLogoutAndLoginWithSUAgain" time="16.340" classname="com.focus.testcases.ViewEditingTest"/>
</testsuite> <!-- com.focus.testcases.ViewEditingTest -->
