<?xml version="1.0" encoding="UTF-8"?>
<!-- Generated by org.testng.reporters.JUnitReportReporter -->
<testsuite hostname="FOCUS-QA-10" name="com.focus.testcases.StockTransferVoucherTest" tests="8" failures="0" timestamp="4 Jan 2023 06:48:21 GMT" time="202.300" errors="0">
  <testcase name="checkUpdatingStockTransferVoucher" time="3.269" classname="com.focus.testcases.StockTransferVoucherTest"/>
  <testcase name="checkDeleteOptionInStockTransferFromHomePage" time="5.982" classname="com.focus.testcases.StockTransferVoucherTest"/>
  <testcase name="checkVerifingDetailsOfSavedStockTransferVoucherInHomepage" time="2.977" classname="com.focus.testcases.StockTransferVoucherTest"/>
  <testcase name="checkSavingAndSuspendingStockTransferVoucherFromHomepage" time="23.065" classname="com.focus.testcases.StockTransferVoucherTest"/>
  <testcase name="checkSavingVoucherUsingCopyDocumentInStockTransfer" time="50.677" classname="com.focus.testcases.StockTransferVoucherTest"/>
  <testcase name="checkSavingStockTransferVoucher" time="106.147" classname="com.focus.testcases.StockTransferVoucherTest"/>
  <testcase name="checkDeletingVoucherInStockTransfer" time="8.443" classname="com.focus.testcases.StockTransferVoucherTest"/>
  <testcase name="checkSuspendOptionInSalesOrdersVoucherWithTransferedStock" time="1.740" classname="com.focus.testcases.StockTransferVoucherTest"/>
</testsuite> <!-- com.focus.testcases.StockTransferVoucherTest -->
