<?xml version="1.0" encoding="UTF-8"?>
<!-- Generated by org.testng.reporters.JUnitReportReporter -->
<testsuite hostname="FOCUS-QA-10" name="com.focus.testcases.BuyerPriceBookTest" tests="14" failures="0" timestamp="30 Dec 2022 15:39:00 GMT" time="426.441" errors="1">
  <testcase name="checkExportingXMLBuyerPriceBook" time="22.705" classname="com.focus.testcases.BuyerPriceBookTest"/>
  <testcase name="checkPrintRateHistoryBuyerPriceBook" time="146.077" classname="com.focus.testcases.BuyerPriceBookTest">
    <error type="java.io.FileNotFoundException" message="E:\FocusSanityWithSaveInBackground\FocusAI\autoIt\ExportFiles\BuyerPriceBookToPDF.pdf (The system cannot find the file specified)">
      <![CDATA[java.io.FileNotFoundException: E:\FocusSanityWithSaveInBackground\FocusAI\autoIt\ExportFiles\BuyerPriceBookToPDF.pdf (The system cannot find the file specified)
	at java.io.RandomAccessFile.open0(Native Method)
	at java.io.RandomAccessFile.open(Unknown Source)
	at java.io.RandomAccessFile.<init>(Unknown Source)
	at org.apache.pdfbox.io.RandomAccessBufferedFileInputStream.<init>(RandomAccessBufferedFileInputStream.java:99)
	at org.apache.pdfbox.pdmodel.PDDocument.load(PDDocument.java:1006)
	at org.apache.pdfbox.pdmodel.PDDocument.load(PDDocument.java:969)
	at org.apache.pdfbox.pdmodel.PDDocument.load(PDDocument.java:917)
	at com.testautomationguru.utility.PDFUtil.getPDFText(PDFUtil.java:239)
	at com.testautomationguru.utility.PDFUtil.comparepdfFilesWithTextMode(PDFUtil.java:323)
	at com.testautomationguru.utility.PDFUtil.comparePdfFiles(PDFUtil.java:316)
	at com.testautomationguru.utility.PDFUtil.compare(PDFUtil.java:278)
	at com.focus.Pages.BuyerPriceBookPage.checkPrintRateHistoryBuyerPriceBook(BuyerPriceBookPage.java:13038)
	at com.focus.testcases.BuyerPriceBookTest.checkPrintRateHistoryBuyerPriceBook(BuyerPriceBookTest.java:96)
	at sun.reflect.NativeMethodAccessorImpl.invoke0(Native Method)
	at sun.reflect.NativeMethodAccessorImpl.invoke(Unknown Source)
	at sun.reflect.DelegatingMethodAccessorImpl.invoke(Unknown Source)
	at java.lang.reflect.Method.invoke(Unknown Source)
	at org.testng.internal.MethodInvocationHelper.invokeMethod(MethodInvocationHelper.java:86)
	at org.testng.internal.Invoker.invokeMethod(Invoker.java:643)
	at org.testng.internal.Invoker.invokeTestMethod(Invoker.java:820)
	at org.testng.internal.Invoker.invokeTestMethods(Invoker.java:1128)
	at org.testng.internal.TestMethodWorker.invokeTestMethods(TestMethodWorker.java:129)
	at org.testng.internal.TestMethodWorker.run(TestMethodWorker.java:112)
	at org.testng.TestRunner.privateRun(TestRunner.java:782)
	at org.testng.TestRunner.run(TestRunner.java:632)
	at org.testng.SuiteRunner.runTest(SuiteRunner.java:366)
	at org.testng.SuiteRunner.runSequentially(SuiteRunner.java:361)
	at org.testng.SuiteRunner.privateRun(SuiteRunner.java:319)
	at org.testng.SuiteRunner.run(SuiteRunner.java:268)
	at org.testng.SuiteRunnerWorker.runSuite(SuiteRunnerWorker.java:52)
	at org.testng.SuiteRunnerWorker.run(SuiteRunnerWorker.java:86)
	at org.testng.TestNG.runSuitesSequentially(TestNG.java:1244)
	at org.testng.TestNG.runSuitesLocally(TestNG.java:1169)
	at org.testng.TestNG.run(TestNG.java:1064)
	at org.testng.remote.AbstractRemoteTestNG.run(AbstractRemoteTestNG.java:114)
	at org.testng.remote.RemoteTestNG.initAndRun(RemoteTestNG.java:251)
	at org.testng.remote.RemoteTestNG.main(RemoteTestNG.java:77)
]]>
    </error>
  </testcase> <!-- checkPrintRateHistoryBuyerPriceBook -->
  <testcase name="checkCopyPasteAndSavingBuyerPriceBook" time="10.986" classname="com.focus.testcases.BuyerPriceBookTest"/>
  <testcase name="checkImportingXMLBuyerPriceBook" time="39.855" classname="com.focus.testcases.BuyerPriceBookTest"/>
  <testcase name="checkViewPriceBuyerPriceBook" time="13.022" classname="com.focus.testcases.BuyerPriceBookTest"/>
  <testcase name="checkImportingBuyerPriceBook" time="47.292" classname="com.focus.testcases.BuyerPriceBookTest"/>
  <testcase name="checkViewPriceCustomizationBtnBuyerPriceBook" time="21.592" classname="com.focus.testcases.BuyerPriceBookTest"/>
  <testcase name="checkPreviewandClearBtninPriceRateHistory" time="8.766" classname="com.focus.testcases.BuyerPriceBookTest"/>
  <testcase name="checkSavingBuyerPriceBook" time="16.051" classname="com.focus.testcases.BuyerPriceBookTest"/>
  <testcase name="checkAdvExcelImportingBuyerPriceBook" time="61.089" classname="com.focus.testcases.BuyerPriceBookTest"/>
  <testcase name="checkUpdatingBuyerPriceBook" time="6.522" classname="com.focus.testcases.BuyerPriceBookTest"/>
  <testcase name="checkExportingtoExcelinViewPriceBuyerPriceBook" time="9.199" classname="com.focus.testcases.BuyerPriceBookTest"/>
  <testcase name="checkExportingBuyerPriceBook" time="15.254" classname="com.focus.testcases.BuyerPriceBookTest"/>
  <testcase name="checkDeletingBuyerPriceBook" time="8.031" classname="com.focus.testcases.BuyerPriceBookTest"/>
</testsuite> <!-- com.focus.testcases.BuyerPriceBookTest -->
