<?xml version="1.0" encoding="UTF-8"?>
<!-- Generated by org.testng.reporters.JUnitReportReporter -->
<testsuite hostname="FOCUS-QA-10" name="com.focus.testcases.URLBrowserTest" tests="2" failures="0" timestamp="4 Jan 2023 08:04:22 GMT" time="13.805" errors="0">
  <testcase name="checkLoginPageTitleByURLInputInBrowser" time="5.433" classname="com.focus.testcases.URLBrowserTest"/>
  <testcase name="verifyBrowserOpen" time="8.372" classname="com.focus.testcases.URLBrowserTest"/>
</testsuite> <!-- com.focus.testcases.URLBrowserTest -->
