<?xml version="1.0" encoding="UTF-8"?>
<!-- Generated by org.testng.reporters.JUnitReportReporter -->
<testsuite hostname="FOCUS-QA-10" name="com.focus.testcases.UnitsTest" tests="5" failures="0" timestamp="30 Dec 2022 15:39:00 GMT" time="29.610" errors="0">
  <testcase name="checkDeleteUnitsInUnitsMaster" time="8.735" classname="com.focus.testcases.UnitsTest"/>
  <testcase name="checkUpdatedUnitsMasterDisplayInUnits" time="0.040" classname="com.focus.testcases.UnitsTest"/>
  <testcase name="checkUnitMasterInMAsterMenu" time="14.368" classname="com.focus.testcases.UnitsTest"/>
  <testcase name="checkSavingUnitsInUnitsMaster" time="4.693" classname="com.focus.testcases.UnitsTest"/>
  <testcase name="checkEditingInSavedUnitsINUnitsMaster" time="1.774" classname="com.focus.testcases.UnitsTest"/>
</testsuite> <!-- com.focus.testcases.UnitsTest -->
