<?xml version="1.0" encoding="UTF-8"?>
<!-- Generated by org.testng.reporters.JUnitReportReporter -->
<testsuite hostname="FOCUS-QA-10" name="com.focus.testcases.DesignWorkFlowTest" tests="3" failures="0" timestamp="3 Jan 2023 14:38:02 GMT" time="61.582" errors="0">
  <testcase name="checkSavingTestWorkFlow" time="24.241" classname="com.focus.testcases.DesignWorkFlowTest"/>
  <testcase name="checkEditingPurchasesFlow" time="32.803" classname="com.focus.testcases.DesignWorkFlowTest"/>
  <testcase name="checkDeletingTestWorkFlow" time="4.538" classname="com.focus.testcases.DesignWorkFlowTest"/>
</testsuite> <!-- com.focus.testcases.DesignWorkFlowTest -->
