<?xml version="1.0" encoding="UTF-8"?>
<!-- Generated by org.testng.reporters.JUnitReportReporter -->
<testsuite hostname="FOCUS-QA-10" name="com.focus.testcases.ExcessInStocksVoucherTest" tests="8" failures="0" timestamp="4 Jan 2023 06:48:21 GMT" time="260.541" errors="0">
  <testcase name="checkSavingExcessInStocksVoucherWithAllItems" time="80.572" classname="com.focus.testcases.ExcessInStocksVoucherTest"/>
  <testcase name="checkVerifingDetailsOfSavedExcessInStocksVoucherInHomepage" time="0.927" classname="com.focus.testcases.ExcessInStocksVoucherTest"/>
  <testcase name="checkDeletingExcessesInStockVoucher3FromEntryPage" time="88.729" classname="com.focus.testcases.ExcessInStocksVoucherTest"/>
  <testcase name="checkCopyDocumentOptionAndSavingInExcessInStocks" time="47.133" classname="com.focus.testcases.ExcessInStocksVoucherTest"/>
  <testcase name="checkSavingAndSuspendingExcessInStocksVoucherInEntryPage" time="10.534" classname="com.focus.testcases.ExcessInStocksVoucherTest"/>
  <testcase name="checkResavingExcessesInStocksVoucher3AndSuspendingFromHomepage" time="12.415" classname="com.focus.testcases.ExcessInStocksVoucherTest"/>
  <testcase name="checkUpdatingSavedVoucherInExcessInStocks" time="16.875" classname="com.focus.testcases.ExcessInStocksVoucherTest"/>
  <testcase name="checkDeletingVoucherInExcessInStocks" time="3.356" classname="com.focus.testcases.ExcessInStocksVoucherTest"/>
</testsuite> <!-- com.focus.testcases.ExcessInStocksVoucherTest -->
